0 info it worked if it ends with ok
1 verbose cli [ '/Users/Azzam/.nvm/versions/node/v5.0.0/bin/node',
1 verbose cli   '/Users/Azzam/.nvm/versions/node/v5.0.0/bin/npm',
1 verbose cli   'restart' ]
2 info using npm@3.3.6
3 info using node@v5.0.0
4 verbose run-script [ 'prerestart', 'restart', 'postrestart' ]
5 info lifecycle one-spot@1.0.0~prerestart: one-spot@1.0.0
6 silly lifecycle one-spot@1.0.0~prerestart: no script for prerestart, continuing
7 info lifecycle one-spot@1.0.0~restart: one-spot@1.0.0
8 verbose lifecycle one-spot@1.0.0~restart: unsafe-perm in lifecycle true
9 verbose lifecycle one-spot@1.0.0~restart: PATH: /Users/Azzam/.nvm/versions/node/v5.0.0/lib/node_modules/npm/bin/node-gyp-bin:/Users/Azzam/GitHub/one-spot/node_modules/.bin:/usr/local/opt/llvm/bin:/usr/local/opt/llvm/bin:/usr/local/opt/llvm/bin:/Users/Azzam/.opam/4.04.1/bin:/Library/Frameworks/Python.framework/Versions/2.7/bin:/Library/Frameworks/Python.framework/Versions/3.6/bin:/Users/Azzam/.nvm/versions/node/v5.0.0/bin:/Library/Frameworks/Python.framework/Versions/3.5/bin:/usr/local/bin:/usr/bin:/bin:/usr/sbin:/sbin:/opt/X11/bin:/Applications/Postgres.app/Contents/Versions/latest/bin:/Library/TeX/texbin:/Applications/Wireshark.app/Contents/MacOS
10 verbose lifecycle one-spot@1.0.0~restart: CWD: /Users/Azzam/GitHub/one-spot
11 silly lifecycle one-spot@1.0.0~restart: Args: [ '-c',
11 silly lifecycle   'NODE_ENV=production node_modules/.bin/webpack -p ; NODE_ENV=production node_modules/.bin/babel-node --presets react,es2015 src/server.js' ]
12 silly lifecycle one-spot@1.0.0~restart: Returned: code: 1  signal: null
13 info lifecycle one-spot@1.0.0~restart: Failed to exec restart script
14 verbose stack Error: one-spot@1.0.0 restart: `NODE_ENV=production node_modules/.bin/webpack -p ; NODE_ENV=production node_modules/.bin/babel-node --presets react,es2015 src/server.js`
14 verbose stack Exit status 1
14 verbose stack     at EventEmitter.<anonymous> (/Users/Azzam/.nvm/versions/node/v5.0.0/lib/node_modules/npm/lib/utils/lifecycle.js:233:16)
14 verbose stack     at emitTwo (events.js:87:13)
14 verbose stack     at EventEmitter.emit (events.js:172:7)
14 verbose stack     at ChildProcess.<anonymous> (/Users/Azzam/.nvm/versions/node/v5.0.0/lib/node_modules/npm/lib/utils/spawn.js:24:14)
14 verbose stack     at emitTwo (events.js:87:13)
14 verbose stack     at ChildProcess.emit (events.js:172:7)
14 verbose stack     at maybeClose (internal/child_process.js:818:16)
14 verbose stack     at Process.ChildProcess._handle.onexit (internal/child_process.js:211:5)
15 verbose pkgid one-spot@1.0.0
16 verbose cwd /Users/Azzam/GitHub/one-spot
17 error Darwin 16.7.0
18 error argv "/Users/Azzam/.nvm/versions/node/v5.0.0/bin/node" "/Users/Azzam/.nvm/versions/node/v5.0.0/bin/npm" "restart"
19 error node v5.0.0
20 error npm  v3.3.6
21 error code ELIFECYCLE
22 error one-spot@1.0.0 restart: `NODE_ENV=production node_modules/.bin/webpack -p ; NODE_ENV=production node_modules/.bin/babel-node --presets react,es2015 src/server.js`
22 error Exit status 1
23 error Failed at the one-spot@1.0.0 restart script 'NODE_ENV=production node_modules/.bin/webpack -p ; NODE_ENV=production node_modules/.bin/babel-node --presets react,es2015 src/server.js'.
23 error This is most likely a problem with the one-spot package,
23 error not with npm itself.
23 error Tell the author that this fails on your system:
23 error     NODE_ENV=production node_modules/.bin/webpack -p ; NODE_ENV=production node_modules/.bin/babel-node --presets react,es2015 src/server.js
23 error You can get their info via:
23 error     npm owner ls one-spot
23 error There is likely additional logging output above.
24 verbose exit [ 1, true ]
